================================================================================
 updatelog.log — 项目更新日志
================================================================================
 规范:
  1. 每次修改在文件末尾追加一条记录，不修改已有条目。
  2. 每条记录格式：
     ---
     日期:  YYYY-MM-DD
     时间:  HH:MM:SS
     范围:  受影响的文件列表（相对于项目根目录）
     摘要:  本次修改的简短标题
     详情:  修改内容、动机、关键决策的说明
     ---
  3. 日期/时间为提交时的本地时间。
  4. 范围列出所有被修改的文件；新增/删除文件用 [+]/[-] 标注。
  5. 如涉及架构变更、接口变更或超参调整，须在详情中注明。
  6. 每条记录之间空一行。

================================================================================
 更新记录
================================================================================

---
日期:  2026-06-21
时间:  21:51
范围:
  [+] src/core/config.h               — 超参：g_mu → g_beta1 / g_beta2 / g_eps
  [+] src/train/optimizer.h           — 新 Adam 类声明（替换 SGDMomentum）
  [+] src/train/optimizer.cpp         — 新 Adam 算法实现（替换 SGDMomentum）
  [M] src/app/train.cpp               — 打印信息：mu → beta1/beta2
  [M] .gitignore                      — 添加 *.zip
摘要:  SGDMomentum 优化器替换为 Adam
详情:
  原 SGDMomentum（Nesterov 动量 + 自适应梯度裁剪）替换为标准 Adam。
  Adam 使用一阶矩 m 和二阶矩 v 两组状态，每参数自适应学习率，
  更适合本项目各参数组梯度尺度差异大的特点（embedding 稀疏 vs.
  prop_weight 经 20 步传播后梯度噪声大）。

  超参数:
    beta1 = 0.9    — 一阶矩衰减系数（与原 mu 一致）
    beta2 = 0.999  — 二阶矩衰减系数（Adam 标准值）
    eps   = 1e-8   — 数值稳定性常数
    lr    = 1e-4   — 保持不变，cosine 退火至 1e-6

  去掉的功能:
    - 自适应梯度裁剪（EMA 全局范数 × 3 阈值）
    Adam 的 per-param 归一化已天然处理梯度尺度差异，不再需要全局裁剪。

  接口:
    SGDMomentum 类 → Adam 类，公开方法（init/step/zero_grad/log_grad/flush_log）不变，
    train.cpp 零改动即可适配。

  验证:
    - clang++ -O3 -fopenmp 编译通过
    - 训练启动正常，loss 正确计算，weight 更新无崩溃
    - 每步 ~1.4s（与原 SGD 版本相当）
---
